<?xml version="1.0" encoding="UTF-8"?>
<!-- Generated by org.testng.reporters.JUnitReportReporter -->
<testsuite hostname="LAPTOP-T7PI7EN2" failures="0" tests="35" name="testcases.StateTest" time="106.472" errors="0" timestamp="2023-09-18T20:20:52 IST" skipped="0">
  <testcase classname="testcases.StateTest" name="test" time="3.097"/>
  <system-out/>
  <testcase classname="testcases.StateTest" name="test" time="3.037"/>
  <system-out/>
  <testcase classname="testcases.StateTest" name="test" time="3.077"/>
  <system-out/>
  <testcase classname="testcases.StateTest" name="test" time="2.757"/>
  <system-out/>
  <testcase classname="testcases.StateTest" name="test" time="2.896"/>
  <system-out/>
  <testcase classname="testcases.StateTest" name="test" time="3.262"/>
  <system-out/>
  <testcase classname="testcases.StateTest" name="test" time="3.653"/>
  <system-out/>
  <testcase classname="testcases.StateTest" name="test" time="3.237"/>
  <system-out/>
  <testcase classname="testcases.StateTest" name="test" time="2.947"/>
  <system-out/>
  <testcase classname="testcases.StateTest" name="test" time="3.003"/>
  <system-out/>
  <testcase classname="testcases.StateTest" name="test" time="3.250"/>
  <system-out/>
  <testcase classname="testcases.StateTest" name="test" time="2.961"/>
  <system-out/>
  <testcase classname="testcases.StateTest" name="test" time="2.709"/>
  <system-out/>
  <testcase classname="testcases.StateTest" name="test" time="3.120"/>
  <system-out/>
  <testcase classname="testcases.StateTest" name="test" time="2.846"/>
  <system-out/>
  <testcase classname="testcases.StateTest" name="test" time="2.890"/>
  <system-out/>
  <testcase classname="testcases.StateTest" name="test" time="3.169"/>
  <system-out/>
  <testcase classname="testcases.StateTest" name="test" time="3.087"/>
  <system-out/>
  <testcase classname="testcases.StateTest" name="test" time="3.119"/>
  <system-out/>
  <testcase classname="testcases.StateTest" name="test" time="2.876"/>
  <system-out/>
  <testcase classname="testcases.StateTest" name="test" time="2.811"/>
  <system-out/>
  <testcase classname="testcases.StateTest" name="test" time="3.131"/>
  <system-out/>
  <testcase classname="testcases.StateTest" name="test" time="3.037"/>
  <system-out/>
  <testcase classname="testcases.StateTest" name="test" time="4.266"/>
  <system-out/>
  <testcase classname="testcases.StateTest" name="test" time="2.796"/>
  <system-out/>
  <testcase classname="testcases.StateTest" name="test" time="3.036"/>
  <system-out/>
  <testcase classname="testcases.StateTest" name="test" time="2.756"/>
  <system-out/>
  <testcase classname="testcases.StateTest" name="test" time="2.868"/>
  <system-out/>
  <testcase classname="testcases.StateTest" name="test" time="2.874"/>
  <system-out/>
  <testcase classname="testcases.StateTest" name="test" time="2.702"/>
  <system-out/>
  <testcase classname="testcases.StateTest" name="test" time="2.918"/>
  <system-out/>
  <testcase classname="testcases.StateTest" name="test" time="3.084"/>
  <system-out/>
  <testcase classname="testcases.StateTest" name="test" time="3.159"/>
  <system-out/>
  <testcase classname="testcases.StateTest" name="test" time="3.233"/>
  <system-out/>
  <testcase classname="testcases.StateTest" name="test" time="2.808"/>
  <system-out/>
</testsuite> <!-- testcases.StateTest -->
