<?xml version="1.0" encoding="UTF-8"?>
<!-- Generated by org.testng.reporters.JUnitReportReporter -->
<testsuite hostname="LAPTOP-T7PI7EN2" failures="0" tests="4" name="testcases.AmazonLoginTest" time="149.048" errors="0" timestamp="2023-10-10T16:09:47 IST" skipped="0">
  <testcase classname="testcases.AmazonLoginTest" name="test" time="8.734"/>
  <system-out/>
  <testcase classname="testcases.AmazonLoginTest" name="test" time="8.427"/>
  <system-out/>
  <testcase classname="testcases.AmazonLoginTest" name="test" time="5.628"/>
  <system-out/>
  <testcase classname="testcases.AmazonLoginTest" name="test" time="126.259"/>
  <system-out/>
</testsuite> <!-- testcases.AmazonLoginTest -->
