<?xml version="1.0" encoding="UTF-8"?>
<!-- Generated by org.testng.reporters.JUnitReportReporter -->
<testsuite hostname="LAPTOP-T7PI7EN2" failures="0" tests="3" name="testcases.FacebookTest" time="9.933" errors="0" timestamp="2023-09-18T20:39:05 IST" skipped="0">
  <testcase classname="testcases.FacebookTest" name="login" time="2.845"/>
  <system-out/>
  <testcase classname="testcases.FacebookTest" name="login" time="2.864"/>
  <system-out/>
  <testcase classname="testcases.FacebookTest" name="login" time="4.224"/>
  <system-out/>
</testsuite> <!-- testcases.FacebookTest -->
