<?xml version="1.0" encoding="UTF-8"?>
<!-- Generated by org.testng.reporters.JUnitReportReporter -->
<testsuite hostname="LAPTOP-T7PI7EN2" failures="0" tests="1" name="testcases.AmazonSearch" time="4.049" errors="0" timestamp="2023-10-10T16:09:47 IST" skipped="0">
  <testcase classname="testcases.AmazonSearch" name="searchtest" time="4.049"/>
  <system-out/>
</testsuite> <!-- testcases.AmazonSearch -->
